Arguments: 
  /Users/ka-yamao/.nodebrew/node/v10.9.0/bin/node /usr/local/Cellar/yarn/1.9.4/libexec/bin/yarn.js add webpack webpack-de-server babel-core babel-loader babel-preset-react babel-preset-es2015

PATH: 
  /Users/ka-yamao/google-cloud-sdk/bin:/Users/ka-yamao/.yarn/bin:/usr/local/bin:/usr/bin:/bin:/usr/sbin:/sbin:/Users/ka-yamao/google-cloud-sdk/bin:/Users/ka-yamao/.yarn/bin:/Users/ka-yamao/.nodebrew/current/bin:/Users/ka-yamao/Library/Android/sdk/tools:/Users/ka-yamao/Library/Android/sdk/tools/bin:/Users/ka-yamao/Library/Android/sdk/platform-tools:/Users/ka-yamao/.nodebrew/current/bin:/Users/ka-yamao/Library/Android/sdk/tools:/Users/ka-yamao/Library/Android/sdk/tools/bin:/Users/ka-yamao/Library/Android/sdk/platform-tools

Yarn version: 
  1.9.4

Node version: 
  10.9.0

Platform: 
  darwin x64

Trace: 
  Error: https://registry.yarnpkg.com/webpack-de-server: Not found
      at Request.params.callback [as _callback] (/usr/local/Cellar/yarn/1.9.4/libexec/lib/cli.js:64202:18)
      at Request.self.callback (/usr/local/Cellar/yarn/1.9.4/libexec/lib/cli.js:137468:22)
      at Request.emit (events.js:182:13)
      at Request.<anonymous> (/usr/local/Cellar/yarn/1.9.4/libexec/lib/cli.js:138440:10)
      at Request.emit (events.js:182:13)
      at IncomingMessage.<anonymous> (/usr/local/Cellar/yarn/1.9.4/libexec/lib/cli.js:138362:12)
      at Object.onceWrapper (events.js:273:13)
      at IncomingMessage.emit (events.js:187:15)
      at endReadableNT (_stream_readable.js:1085:12)
      at process._tickCallback (internal/process/next_tick.js:63:19)

npm manifest: 
  {
    "name": "udemy_react_ts",
    "version": "1.0.0",
    "main": "index.js",
    "license": "MIT"
  }

yarn manifest: 
  No manifest

Lockfile: 
  No lockfile
